

<!DOCTYPE html>
<html>
<head>
<meta charset="UTF-8">
<meta name="viewport" content="width=device-width, initial-scale=1, shrink-to-fit=no">
<title></title>
<link rel="apple-touch-icon" href="https://cdn.jsdelivr.net/gh/extent-framework/extent-github-cdn@b00a2d0486596e73dd7326beacf352c639623a0e/commons/img/logo.png">
<link rel="shortcut icon" href="https://cdn.jsdelivr.net/gh/extent-framework/extent-github-cdn@b00a2d0486596e73dd7326beacf352c639623a0e/commons/img/logo.png">
<link href="https://cdn.jsdelivr.net/gh/extent-framework/extent-github-cdn@ce8b10435bcbae260c334c0d0c6b61d2c19b6168/spark/css/spark-style.css" rel="stylesheet" />
<link href="https://stackpath.bootstrapcdn.com/font-awesome/4.7.0/css/font-awesome.min.css" rel="stylesheet">
<script src="https://cdn.jsdelivr.net/gh/extent-framework/extent-github-cdn@7cc78ce/spark/js/jsontree.js"></script>
<style type="text/css"></style></head><body class="spa bdd-report standard">
  <div class="app">
    <div class="layout">
<div class="header navbar">
<div class="vheader">
<div class="nav-logo">
<a href="#">
<div class="logo" style="background-image: url('https://cdn.jsdelivr.net/gh/extent-framework/extent-github-cdn@b00a2d0486596e73dd7326beacf352c639623a0e/commons/img/logo.png')"></div>
</a>
</div>
<ul class="nav-left">
<li class="search-box">
<a class="search-toggle" href="#">
<i class="search-icon fa fa-search"></i>
<i class="search-icon-close fa fa-close"></i>
</a>
</li>
<li class="search-input"><input id="search-tests" class="form-control" type="text" placeholder="Search..."></li>
</ul>
<ul class="nav-right">
<li class="m-r-10">
<a href="#"><span class="badge badge-primary"></span></a>
</li>
<li class="m-r-10">
<a href="#"><span class="badge badge-primary">sep. 16, 2025 02:51:19 p. m.</span></a>
</li>
</ul>
</div>
</div><div class="side-nav">
<div class="side-nav-inner">
<ul class="side-nav-menu">
<li class="nav-item dropdown" onclick="toggleView('test-view')">
<a id="nav-test" class="dropdown-toggle" href="#">
<span class="ico"><i class="fa fa-list"></i></span>
</a>
</li>
<li class="nav-item dropdown" onclick="toggleView('exception-view')">
<a id="nav-exception" class="dropdown-toggle" href="#">
<span class="ico"><i class="fa fa-bug"></i></span>
</a>
</li>
<li class="nav-item dropdown" onclick="toggleView('dashboard-view')">
<a id="nav-dashboard" class="dropdown-toggle" href="#">
<span class="ico"><i class="fa fa-bar-chart"></i></span>
</a>
</li>
</ul>
</div>
</div>      <div class="vcontainer">
        <div class="main-content">
<div class="test-wrapper row view test-view">
  <div class="test-list">
    <div class="test-list-tools">
<ul class="tools pull-left">
<li><a href="#"><span class="font-size-14">Tests</span></a></li>
</ul>
<ul class="tools text-right">
<li class="dropdown">
<a href="#" class="dropdown-toggle" data-toggle="dropdown"><i class="fa fa-exclamation-circle"></i></a>
<ul id="status-toggle" class="dropdown-menu dropdown-md p-v-0">
<a class="dropdown-item" status="pass" href="#"><span>Pass</span><span class="status success"></span></a>
<a class="dropdown-item" status="fail" href="#"><span>Fail</span><span class="status danger"></span></a>
<div class="dropdown-divider"></div>
<a status="clear" class="dropdown-item" href="#"><span>Clear</span><span class="pull-right"><i class="fa fa-close"></i></span></a>
</ul>
</li>
</ul>
</div>    <div class="test-list-wrapper scrollable">
      <ul class="test-list-item">
        <li class="test-item"  status="fail" test-id="1"
          author=""
          tag=""
          device="">
          <div class="test-detail">
            <p class="name">Checkout feature</p>
            <p class="text-sm">
              <span>14:51:20</span> / <span>00:00:32:378</span>
              <span class="badge fail-bg log float-right">Fail</span>
            </p>
          </div>
          <div class="test-contents d-none">
<div class="detail-head">
<div class="p-v-10">
<div class="info">
<h5 class="test-status text-fail">Checkout feature</h5>
<span class='badge badge-success'>09.16.2025 14:51:20</span>
<span class='badge badge-danger'>09.16.2025 14:51:52</span>
<span class='badge badge-default'>00:00:32:378</span>
&middot; <span class='uri-anchor badge badge-default'>#test-id=1</span>
<span title='Skip to the next failed step' class='badge badge-danger pointer float-right ne ml-1'><i class="fa fa-fast-forward"></i></span>
<span title='Collapse all nodes' class='badge badge-default pointer float-right ct ml-1'><i class="fa fa-compress"></i></span>
<span title='Expand all nodes' class='badge badge-default pointer float-right et'><i class="fa fa-expand"></i></span>
</div>
<div class="m-t-10 m-l-5"></div>
</div>
</div>
<div class="accordion mt-4">
  <div class="card">
    <div class="card-header" role="tab">
      <div class="card-title">
        <div class="node" id="2"><span class="badge log pass-bg mr-2">Pass</span>User can checkout a purchase</div>
      </div>
    </div>
        <div class="collapse">
          <div class="card-body">
              <div class="step pass-bg" title="stepDefinitions.LoginSteps.goToSaucedemoPage()">
                <span>Given I am in sauce demo web page</span>
      <div>
      </div>
              </div>
              <div class="step pass-bg" title="stepDefinitions.LoginSteps.setUserName(java.lang.String)">
                <span>When I set the user name text box with "standard_user"</span>
      <div>
      </div>
              </div>
              <div class="step pass-bg" title="stepDefinitions.LoginSteps.setPassword(java.lang.String)">
                <span>And I set the password text box with "secret_sauce"</span>
      <div>
      </div>
              </div>
              <div class="step pass-bg" title="stepDefinitions.LoginSteps.clickOnLogin()">
                <span>And I click on the login button</span>
      <div>
      </div>
              </div>
              <div class="step pass-bg" title="stepDefinitions.HomeSteps.verifyHomePageIsDisplayed()">
                <span>Given The home page should be displayed</span>
      <div>
      </div>
              </div>
              <div class="step pass-bg" title="stepDefinitions.HomeSteps.addProductToCart(java.lang.String)">
                <span>And I add the "Sauce Labs Backpack" to the cart</span>
      <div>
      </div>
              </div>
              <div class="step pass-bg" title="stepDefinitions.HomeSteps.clickOnCartIcon()">
                <span>And I click on the cart icon</span>
      <div>
      </div>
              </div>
              <div class="step pass-bg" title="stepDefinitions.YourCartSteps.clickOnCheckoutButton()">
                <span>When I click on the checkout button</span>
      <div>
      </div>
              </div>
              <div class="step pass-bg" title="stepDefinitions.CheckoutInformationSteps.fillCheckoutInformation(io.cucumber.datatable.DataTable)">
                <span>And I fill the checkout information with</span>
      <div><table class='markup-table table '><tr><td>Jorge</td><td>Perez</td><td>12345</td></tr></table>
      </div>
      <div>
      </div>
              </div>
              <div class="step pass-bg" title="stepDefinitions.CheckoutInformationSteps.clickOnContinue()">
                <span>And I click on the continue button</span>
      <div>
      </div>
              </div>
              <div class="step pass-bg" title="stepDefinitions.CheckoutOverviewSteps.clickOnFinish()">
                <span>And I click on the finish button</span>
      <div>
      </div>
              </div>
              <div class="step pass-bg" title="stepDefinitions.CheckoutCompleteSteps.verifyCompleteMessage(java.lang.String)">
                <span>Then A message that says "Thank you for your order!" should be displayed</span>
      <div>
      </div>
              </div>
          </div>
        </div>
  </div>
  <div class="card">
    <div class="card-header" role="tab">
      <div class="card-title">
        <div class="node" id="16"><span class="badge log fail-bg mr-2">Fail</span>Validation of required fields in checkout</div>
      </div>
    </div>
        <div class="scenario_outline ">
            <div class="card-body l1">
              <div class="card-header">
                <div class="card-title outline-child">
                  <div class="node" id="17"><span class="badge log fail-bg mr-2">Fail</span>Validation of required fields in checkout</div>
                </div>
              </div>
              <div class="card-body mt-3 ">
                  <div class="step pass-bg">
                    <span>Given I am in sauce demo web page</span>
      <div>
      </div>
                  </div>
                  <div class="step pass-bg">
                    <span>When I set the user name text box with "standard_user"</span>
      <div>
      </div>
                  </div>
                  <div class="step pass-bg">
                    <span>And I set the password text box with "secret_sauce"</span>
      <div>
      </div>
                  </div>
                  <div class="step pass-bg">
                    <span>And I click on the login button</span>
      <div>
      </div>
                  </div>
                  <div class="step pass-bg">
                    <span>Given The home page should be displayed</span>
      <div>
      </div>
                  </div>
                  <div class="step pass-bg">
                    <span>And I add the "Sauce Labs Backpack" to the cart</span>
      <div>
      </div>
                  </div>
                  <div class="step pass-bg">
                    <span>And I click on the cart icon</span>
      <div>
      </div>
                  </div>
                  <div class="step pass-bg">
                    <span>And I click on the checkout button</span>
      <div>
      </div>
                  </div>
                  <div class="step pass-bg">
                    <span>Given I leave the "First Name" field empty</span>
      <div>
      </div>
                  </div>
                  <div class="step pass-bg">
                    <span>And I click on the continue button</span>
      <div>
      </div>
                  </div>
                  <div class="step fail-bg">
                    <span>Then I should see the error message "First Name is required"</span>
      <div>
        <textarea disabled class="code-block">org.openqa.selenium.NoSuchElementException: no such element: Unable to locate element: {"method":"xpath","selector":"//*[contains(text(), 'First Name is required')]"}
  (Session info: chrome=140.0.7339.128)
For documentation on this error, please visit: https://www.selenium.dev/documentation/webdriver/troubleshooting/errors#no-such-element-exception
Build info: version: '4.24.0', revision: '748ffc9bc3'
System info: os.name: 'Windows 11', os.arch: 'amd64', os.version: '10.0', java.version: '17.0.12'
Driver info: org.openqa.selenium.chrome.ChromeDriver
Command: [20681d0cc772ed9beb4fef4d527716b3, findElement {value=//*[contains(text(), 'First Name is required')], using=xpath}]
Capabilities {acceptInsecureCerts: false, browserName: chrome, browserVersion: 140.0.7339.128, chrome: {chromedriverVersion: 140.0.7339.82 (bc93617e21c3..., userDataDir: C:\Users\yeryg\AppData\Loca...}, fedcm:accounts: true, goog:chromeOptions: {debuggerAddress: localhost:62170}, networkConnectionEnabled: false, pageLoadStrategy: normal, platformName: windows, proxy: Proxy(), se:cdp: ws://localhost:62170/devtoo..., se:cdpVersion: 140.0.7339.128, setWindowRect: true, strictFileInteractability: false, timeouts: {implicit: 0, pageLoad: 300000, script: 30000}, unhandledPromptBehavior: dismiss and notify, webauthn:extension:credBlob: true, webauthn:extension:largeBlob: true, webauthn:extension:minPinLength: true, webauthn:extension:prf: true, webauthn:virtualAuthenticators: true}
Session ID: 20681d0cc772ed9beb4fef4d527716b3
	at java.base/jdk.internal.reflect.NativeConstructorAccessorImpl.newInstance0(Native Method)
	at java.base/jdk.internal.reflect.NativeConstructorAccessorImpl.newInstance(NativeConstructorAccessorImpl.java:77)
	at java.base/jdk.internal.reflect.DelegatingConstructorAccessorImpl.newInstance(DelegatingConstructorAccessorImpl.java:45)
	at java.base/java.lang.reflect.Constructor.newInstanceWithCaller(Constructor.java:499)
	at java.base/java.lang.reflect.Constructor.newInstance(Constructor.java:480)
	at org.openqa.selenium.remote.ErrorCodec.decode(ErrorCodec.java:167)
	at org.openqa.selenium.remote.codec.w3c.W3CHttpResponseCodec.decode(W3CHttpResponseCodec.java:138)
	at org.openqa.selenium.remote.codec.w3c.W3CHttpResponseCodec.decode(W3CHttpResponseCodec.java:50)
	at org.openqa.selenium.remote.HttpCommandExecutor.execute(HttpCommandExecutor.java:190)
	at org.openqa.selenium.remote.service.DriverCommandExecutor.invokeExecute(DriverCommandExecutor.java:216)
	at org.openqa.selenium.remote.service.DriverCommandExecutor.execute(DriverCommandExecutor.java:174)
	at org.openqa.selenium.remote.RemoteWebDriver.execute(RemoteWebDriver.java:545)
	at org.openqa.selenium.remote.ElementLocation$ElementFinder$2.findElement(ElementLocation.java:165)
	at org.openqa.selenium.remote.ElementLocation.findElement(ElementLocation.java:59)
	at org.openqa.selenium.remote.RemoteWebDriver.findElement(RemoteWebDriver.java:368)
	at org.openqa.selenium.remote.RemoteWebDriver.findElement(RemoteWebDriver.java:362)
	at org.openqa.selenium.support.pagefactory.DefaultElementLocator.findElement(DefaultElementLocator.java:68)
	at org.openqa.selenium.support.pagefactory.internal.LocatingElementHandler.invoke(LocatingElementHandler.java:38)
	at jdk.proxy2/jdk.proxy2.$Proxy21.getText(Unknown Source)
	at pages.CheckoutInformationPage.getErrorMessage(CheckoutInformationPage.java:57)
	at stepDefinitions.CheckoutInformationSteps.verifyErrorMessage(CheckoutInformationSteps.java:51)
	at ✽.I should see the error message "First Name is required"(file:///C:/Users/yeryg/Desktop/SauceDemoAuto%203/src/test/resources/checkout.feature:27)
</textarea>
      
      </div>
                  </div>
              </div>
            </div>
            <div class="card-body l1">
              <div class="card-header">
                <div class="card-title outline-child">
                  <div class="node" id="30"><span class="badge log fail-bg mr-2">Fail</span>Validation of required fields in checkout</div>
                </div>
              </div>
              <div class="card-body mt-3 ">
                  <div class="step pass-bg">
                    <span>Given I am in sauce demo web page</span>
      <div>
      </div>
                  </div>
                  <div class="step pass-bg">
                    <span>When I set the user name text box with "standard_user"</span>
      <div>
      </div>
                  </div>
                  <div class="step pass-bg">
                    <span>And I set the password text box with "secret_sauce"</span>
      <div>
      </div>
                  </div>
                  <div class="step pass-bg">
                    <span>And I click on the login button</span>
      <div>
      </div>
                  </div>
                  <div class="step pass-bg">
                    <span>Given The home page should be displayed</span>
      <div>
      </div>
                  </div>
                  <div class="step pass-bg">
                    <span>And I add the "Sauce Labs Backpack" to the cart</span>
      <div>
      </div>
                  </div>
                  <div class="step pass-bg">
                    <span>And I click on the cart icon</span>
      <div>
      </div>
                  </div>
                  <div class="step pass-bg">
                    <span>And I click on the checkout button</span>
      <div>
      </div>
                  </div>
                  <div class="step pass-bg">
                    <span>Given I leave the "Last Name" field empty</span>
      <div>
      </div>
                  </div>
                  <div class="step pass-bg">
                    <span>And I click on the continue button</span>
      <div>
      </div>
                  </div>
                  <div class="step fail-bg">
                    <span>Then I should see the error message "Last Name is required"</span>
      <div>
        <textarea disabled class="code-block">org.openqa.selenium.NoSuchElementException: no such element: Unable to locate element: {"method":"xpath","selector":"//*[contains(text(), 'First Name is required')]"}
  (Session info: chrome=140.0.7339.128)
For documentation on this error, please visit: https://www.selenium.dev/documentation/webdriver/troubleshooting/errors#no-such-element-exception
Build info: version: '4.24.0', revision: '748ffc9bc3'
System info: os.name: 'Windows 11', os.arch: 'amd64', os.version: '10.0', java.version: '17.0.12'
Driver info: org.openqa.selenium.chrome.ChromeDriver
Command: [ac1980b3da768f065db109a206742741, findElement {value=//*[contains(text(), 'First Name is required')], using=xpath}]
Capabilities {acceptInsecureCerts: false, browserName: chrome, browserVersion: 140.0.7339.128, chrome: {chromedriverVersion: 140.0.7339.82 (bc93617e21c3..., userDataDir: C:\Users\yeryg\AppData\Loca...}, fedcm:accounts: true, goog:chromeOptions: {debuggerAddress: localhost:62234}, networkConnectionEnabled: false, pageLoadStrategy: normal, platformName: windows, proxy: Proxy(), se:cdp: ws://localhost:62234/devtoo..., se:cdpVersion: 140.0.7339.128, setWindowRect: true, strictFileInteractability: false, timeouts: {implicit: 0, pageLoad: 300000, script: 30000}, unhandledPromptBehavior: dismiss and notify, webauthn:extension:credBlob: true, webauthn:extension:largeBlob: true, webauthn:extension:minPinLength: true, webauthn:extension:prf: true, webauthn:virtualAuthenticators: true}
Session ID: ac1980b3da768f065db109a206742741
	at java.base/jdk.internal.reflect.NativeConstructorAccessorImpl.newInstance0(Native Method)
	at java.base/jdk.internal.reflect.NativeConstructorAccessorImpl.newInstance(NativeConstructorAccessorImpl.java:77)
	at java.base/jdk.internal.reflect.DelegatingConstructorAccessorImpl.newInstance(DelegatingConstructorAccessorImpl.java:45)
	at java.base/java.lang.reflect.Constructor.newInstanceWithCaller(Constructor.java:499)
	at java.base/java.lang.reflect.Constructor.newInstance(Constructor.java:480)
	at org.openqa.selenium.remote.ErrorCodec.decode(ErrorCodec.java:167)
	at org.openqa.selenium.remote.codec.w3c.W3CHttpResponseCodec.decode(W3CHttpResponseCodec.java:138)
	at org.openqa.selenium.remote.codec.w3c.W3CHttpResponseCodec.decode(W3CHttpResponseCodec.java:50)
	at org.openqa.selenium.remote.HttpCommandExecutor.execute(HttpCommandExecutor.java:190)
	at org.openqa.selenium.remote.service.DriverCommandExecutor.invokeExecute(DriverCommandExecutor.java:216)
	at org.openqa.selenium.remote.service.DriverCommandExecutor.execute(DriverCommandExecutor.java:174)
	at org.openqa.selenium.remote.RemoteWebDriver.execute(RemoteWebDriver.java:545)
	at org.openqa.selenium.remote.ElementLocation$ElementFinder$2.findElement(ElementLocation.java:165)
	at org.openqa.selenium.remote.ElementLocation.findElement(ElementLocation.java:59)
	at org.openqa.selenium.remote.RemoteWebDriver.findElement(RemoteWebDriver.java:368)
	at org.openqa.selenium.remote.RemoteWebDriver.findElement(RemoteWebDriver.java:362)
	at org.openqa.selenium.support.pagefactory.DefaultElementLocator.findElement(DefaultElementLocator.java:68)
	at org.openqa.selenium.support.pagefactory.internal.LocatingElementHandler.invoke(LocatingElementHandler.java:38)
	at jdk.proxy2/jdk.proxy2.$Proxy21.getText(Unknown Source)
	at pages.CheckoutInformationPage.getErrorMessage(CheckoutInformationPage.java:57)
	at stepDefinitions.CheckoutInformationSteps.verifyErrorMessage(CheckoutInformationSteps.java:51)
	at ✽.I should see the error message "Last Name is required"(file:///C:/Users/yeryg/Desktop/SauceDemoAuto%203/src/test/resources/checkout.feature:27)
</textarea>
      
      </div>
                  </div>
              </div>
            </div>
            <div class="card-body l1">
              <div class="card-header">
                <div class="card-title outline-child">
                  <div class="node" id="43"><span class="badge log fail-bg mr-2">Fail</span>Validation of required fields in checkout</div>
                </div>
              </div>
              <div class="card-body mt-3 ">
                  <div class="step pass-bg">
                    <span>Given I am in sauce demo web page</span>
      <div>
      </div>
                  </div>
                  <div class="step pass-bg">
                    <span>When I set the user name text box with "standard_user"</span>
      <div>
      </div>
                  </div>
                  <div class="step pass-bg">
                    <span>And I set the password text box with "secret_sauce"</span>
      <div>
      </div>
                  </div>
                  <div class="step pass-bg">
                    <span>And I click on the login button</span>
      <div>
      </div>
                  </div>
                  <div class="step pass-bg">
                    <span>Given The home page should be displayed</span>
      <div>
      </div>
                  </div>
                  <div class="step pass-bg">
                    <span>And I add the "Sauce Labs Backpack" to the cart</span>
      <div>
      </div>
                  </div>
                  <div class="step pass-bg">
                    <span>And I click on the cart icon</span>
      <div>
      </div>
                  </div>
                  <div class="step pass-bg">
                    <span>And I click on the checkout button</span>
      <div>
      </div>
                  </div>
                  <div class="step pass-bg">
                    <span>Given I leave the "Zip Code" field empty</span>
      <div>
      </div>
                  </div>
                  <div class="step pass-bg">
                    <span>And I click on the continue button</span>
      <div>
      </div>
                  </div>
                  <div class="step fail-bg">
                    <span>Then I should see the error message "Postal Code is required"</span>
      <div>
        <textarea disabled class="code-block">org.openqa.selenium.NoSuchElementException: no such element: Unable to locate element: {"method":"xpath","selector":"//*[contains(text(), 'First Name is required')]"}
  (Session info: chrome=140.0.7339.128)
For documentation on this error, please visit: https://www.selenium.dev/documentation/webdriver/troubleshooting/errors#no-such-element-exception
Build info: version: '4.24.0', revision: '748ffc9bc3'
System info: os.name: 'Windows 11', os.arch: 'amd64', os.version: '10.0', java.version: '17.0.12'
Driver info: org.openqa.selenium.chrome.ChromeDriver
Command: [4e10d3cea6cbc00aab6101b0d252d4bc, findElement {value=//*[contains(text(), 'First Name is required')], using=xpath}]
Capabilities {acceptInsecureCerts: false, browserName: chrome, browserVersion: 140.0.7339.128, chrome: {chromedriverVersion: 140.0.7339.82 (bc93617e21c3..., userDataDir: C:\Users\yeryg\AppData\Loca...}, fedcm:accounts: true, goog:chromeOptions: {debuggerAddress: localhost:62296}, networkConnectionEnabled: false, pageLoadStrategy: normal, platformName: windows, proxy: Proxy(), se:cdp: ws://localhost:62296/devtoo..., se:cdpVersion: 140.0.7339.128, setWindowRect: true, strictFileInteractability: false, timeouts: {implicit: 0, pageLoad: 300000, script: 30000}, unhandledPromptBehavior: dismiss and notify, webauthn:extension:credBlob: true, webauthn:extension:largeBlob: true, webauthn:extension:minPinLength: true, webauthn:extension:prf: true, webauthn:virtualAuthenticators: true}
Session ID: 4e10d3cea6cbc00aab6101b0d252d4bc
	at java.base/jdk.internal.reflect.NativeConstructorAccessorImpl.newInstance0(Native Method)
	at java.base/jdk.internal.reflect.NativeConstructorAccessorImpl.newInstance(NativeConstructorAccessorImpl.java:77)
	at java.base/jdk.internal.reflect.DelegatingConstructorAccessorImpl.newInstance(DelegatingConstructorAccessorImpl.java:45)
	at java.base/java.lang.reflect.Constructor.newInstanceWithCaller(Constructor.java:499)
	at java.base/java.lang.reflect.Constructor.newInstance(Constructor.java:480)
	at org.openqa.selenium.remote.ErrorCodec.decode(ErrorCodec.java:167)
	at org.openqa.selenium.remote.codec.w3c.W3CHttpResponseCodec.decode(W3CHttpResponseCodec.java:138)
	at org.openqa.selenium.remote.codec.w3c.W3CHttpResponseCodec.decode(W3CHttpResponseCodec.java:50)
	at org.openqa.selenium.remote.HttpCommandExecutor.execute(HttpCommandExecutor.java:190)
	at org.openqa.selenium.remote.service.DriverCommandExecutor.invokeExecute(DriverCommandExecutor.java:216)
	at org.openqa.selenium.remote.service.DriverCommandExecutor.execute(DriverCommandExecutor.java:174)
	at org.openqa.selenium.remote.RemoteWebDriver.execute(RemoteWebDriver.java:545)
	at org.openqa.selenium.remote.ElementLocation$ElementFinder$2.findElement(ElementLocation.java:165)
	at org.openqa.selenium.remote.ElementLocation.findElement(ElementLocation.java:59)
	at org.openqa.selenium.remote.RemoteWebDriver.findElement(RemoteWebDriver.java:368)
	at org.openqa.selenium.remote.RemoteWebDriver.findElement(RemoteWebDriver.java:362)
	at org.openqa.selenium.support.pagefactory.DefaultElementLocator.findElement(DefaultElementLocator.java:68)
	at org.openqa.selenium.support.pagefactory.internal.LocatingElementHandler.invoke(LocatingElementHandler.java:38)
	at jdk.proxy2/jdk.proxy2.$Proxy21.getText(Unknown Source)
	at pages.CheckoutInformationPage.getErrorMessage(CheckoutInformationPage.java:57)
	at stepDefinitions.CheckoutInformationSteps.verifyErrorMessage(CheckoutInformationSteps.java:51)
	at ✽.I should see the error message "Postal Code is required"(file:///C:/Users/yeryg/Desktop/SauceDemoAuto%203/src/test/resources/checkout.feature:27)
</textarea>
      
      </div>
                  </div>
              </div>
            </div>
        </div>
  </div>
  <div class="card">
    <div class="card-header" role="tab">
      <div class="card-title">
        <div class="node" id="56"><span class="badge log fail-bg mr-2">Fail</span>Checkout with multiple products and verification of totals</div>
      </div>
    </div>
        <div class="">
          <div class="card-body">
              <div class="step pass-bg" title="stepDefinitions.LoginSteps.goToSaucedemoPage()">
                <span>Given I am in sauce demo web page</span>
      <div>
      </div>
              </div>
              <div class="step pass-bg" title="stepDefinitions.LoginSteps.setUserName(java.lang.String)">
                <span>When I set the user name text box with "standard_user"</span>
      <div>
      </div>
              </div>
              <div class="step pass-bg" title="stepDefinitions.LoginSteps.setPassword(java.lang.String)">
                <span>And I set the password text box with "secret_sauce"</span>
      <div>
      </div>
              </div>
              <div class="step pass-bg" title="stepDefinitions.LoginSteps.clickOnLogin()">
                <span>And I click on the login button</span>
      <div>
      </div>
              </div>
              <div class="step pass-bg" title="stepDefinitions.HomeSteps.verifyHomePageIsDisplayed()">
                <span>Given The home page should be displayed</span>
      <div>
      </div>
              </div>
              <div class="step pass-bg" title="stepDefinitions.HomeSteps.addProductToCart(java.lang.String)">
                <span>And I add the "Sauce Labs Backpack" to the cart</span>
      <div>
      </div>
              </div>
              <div class="step pass-bg" title="stepDefinitions.HomeSteps.addProductToCart(java.lang.String)">
                <span>And I add the "Sauce Labs Bike Light" to the cart</span>
      <div>
      </div>
              </div>
              <div class="step pass-bg" title="stepDefinitions.HomeSteps.clickOnCartIcon()">
                <span>And I click on the cart icon</span>
      <div>
      </div>
              </div>
              <div class="step pass-bg" title="stepDefinitions.YourCartSteps.clickOnCheckoutButton()">
                <span>And I click on the checkout button</span>
      <div>
      </div>
              </div>
              <div class="step pass-bg" title="stepDefinitions.CheckoutInformationSteps.fillCheckoutInformation(io.cucumber.datatable.DataTable)">
                <span>And I fill the checkout information with</span>
      <div><table class='markup-table table '><tr><td>Test</td><td>User</td><td>12345</td></tr></table>
      </div>
      <div>
      </div>
              </div>
              <div class="step pass-bg" title="stepDefinitions.CheckoutInformationSteps.clickOnContinue()">
                <span>And I click on the continue button</span>
      <div>
      </div>
              </div>
              <div class="step pass-bg" title="stepDefinitions.CheckoutOverviewSteps.verifyNumberOfProducts(int)">
                <span>Then I should see 2 products in the summary</span>
      <div>
      </div>
              </div>
              <div class="step pass-bg" title="stepDefinitions.CheckoutOverviewSteps.verifySubtotal()">
                <span>And I should see the subtotal calculated correctly</span>
      <div>
      </div>
              </div>
              <div class="step pass-bg" title="stepDefinitions.CheckoutOverviewSteps.verifyTax()">
                <span>And I should see the tax calculated correctly</span>
      <div>
      </div>
              </div>
              <div class="step pass-bg" title="stepDefinitions.CheckoutOverviewSteps.verifyTotal()">
                <span>And I should see the total calculated correctly</span>
      <div>
      </div>
              </div>
              <div class="step pass-bg" title="stepDefinitions.CheckoutOverviewSteps.clickOnFinish()">
                <span>When I click on the finish button</span>
      <div>
      </div>
              </div>
              <div class="step fail-bg" title="stepDefinitions.CheckoutCompleteSteps.verifyCompleteMessage(java.lang.String)">
                <span>Then A message that says "Thank you for your order!" should be displayed</span>
      <div>
        <textarea disabled class="code-block">org.openqa.selenium.NoSuchElementException: no such element: Unable to locate element: {"method":"css selector","selector":"h2.complete-header"}
  (Session info: chrome=140.0.7339.128)
For documentation on this error, please visit: https://www.selenium.dev/documentation/webdriver/troubleshooting/errors#no-such-element-exception
Build info: version: '4.24.0', revision: '748ffc9bc3'
System info: os.name: 'Windows 11', os.arch: 'amd64', os.version: '10.0', java.version: '17.0.12'
Driver info: org.openqa.selenium.chrome.ChromeDriver
Command: [966e516d57addb152746352eb4040e85, findElement {value=h2.complete-header, using=css selector}]
Capabilities {acceptInsecureCerts: false, browserName: chrome, browserVersion: 140.0.7339.128, chrome: {chromedriverVersion: 140.0.7339.82 (bc93617e21c3..., userDataDir: C:\Users\yeryg\AppData\Loca...}, fedcm:accounts: true, goog:chromeOptions: {debuggerAddress: localhost:62359}, networkConnectionEnabled: false, pageLoadStrategy: normal, platformName: windows, proxy: Proxy(), se:cdp: ws://localhost:62359/devtoo..., se:cdpVersion: 140.0.7339.128, setWindowRect: true, strictFileInteractability: false, timeouts: {implicit: 0, pageLoad: 300000, script: 30000}, unhandledPromptBehavior: dismiss and notify, webauthn:extension:credBlob: true, webauthn:extension:largeBlob: true, webauthn:extension:minPinLength: true, webauthn:extension:prf: true, webauthn:virtualAuthenticators: true}
Session ID: 966e516d57addb152746352eb4040e85
	at java.base/jdk.internal.reflect.NativeConstructorAccessorImpl.newInstance0(Native Method)
	at java.base/jdk.internal.reflect.NativeConstructorAccessorImpl.newInstance(NativeConstructorAccessorImpl.java:77)
	at java.base/jdk.internal.reflect.DelegatingConstructorAccessorImpl.newInstance(DelegatingConstructorAccessorImpl.java:45)
	at java.base/java.lang.reflect.Constructor.newInstanceWithCaller(Constructor.java:499)
	at java.base/java.lang.reflect.Constructor.newInstance(Constructor.java:480)
	at org.openqa.selenium.remote.ErrorCodec.decode(ErrorCodec.java:167)
	at org.openqa.selenium.remote.codec.w3c.W3CHttpResponseCodec.decode(W3CHttpResponseCodec.java:138)
	at org.openqa.selenium.remote.codec.w3c.W3CHttpResponseCodec.decode(W3CHttpResponseCodec.java:50)
	at org.openqa.selenium.remote.HttpCommandExecutor.execute(HttpCommandExecutor.java:190)
	at org.openqa.selenium.remote.service.DriverCommandExecutor.invokeExecute(DriverCommandExecutor.java:216)
	at org.openqa.selenium.remote.service.DriverCommandExecutor.execute(DriverCommandExecutor.java:174)
	at org.openqa.selenium.remote.RemoteWebDriver.execute(RemoteWebDriver.java:545)
	at org.openqa.selenium.remote.ElementLocation$ElementFinder$2.findElement(ElementLocation.java:165)
	at org.openqa.selenium.remote.ElementLocation.findElement(ElementLocation.java:59)
	at org.openqa.selenium.remote.RemoteWebDriver.findElement(RemoteWebDriver.java:368)
	at org.openqa.selenium.remote.RemoteWebDriver.findElement(RemoteWebDriver.java:362)
	at org.openqa.selenium.support.pagefactory.DefaultElementLocator.findElement(DefaultElementLocator.java:68)
	at org.openqa.selenium.support.pagefactory.internal.LocatingElementHandler.invoke(LocatingElementHandler.java:38)
	at jdk.proxy2/jdk.proxy2.$Proxy21.getText(Unknown Source)
	at pages.CheckoutCompletePage.verifyCompleteMessage(CheckoutCompletePage.java:20)
	at stepDefinitions.CheckoutCompleteSteps.verifyCompleteMessage(CheckoutCompleteSteps.java:14)
	at ✽.A message that says "Thank you for your order!" should be displayed(file:///C:/Users/yeryg/Desktop/SauceDemoAuto%203/src/test/resources/checkout.feature:49)
</textarea>
      
      </div>
              </div>
          </div>
        </div>
  </div>
  <div class="card">
    <div class="card-header" role="tab">
      <div class="card-title">
        <div class="node" id="75"><span class="badge log pass-bg mr-2">Pass</span>Cancellation from information page</div>
      </div>
    </div>
        <div class="collapse">
          <div class="card-body">
              <div class="step pass-bg" title="stepDefinitions.LoginSteps.goToSaucedemoPage()">
                <span>Given I am in sauce demo web page</span>
      <div>
      </div>
              </div>
              <div class="step pass-bg" title="stepDefinitions.LoginSteps.setUserName(java.lang.String)">
                <span>When I set the user name text box with "standard_user"</span>
      <div>
      </div>
              </div>
              <div class="step pass-bg" title="stepDefinitions.LoginSteps.setPassword(java.lang.String)">
                <span>And I set the password text box with "secret_sauce"</span>
      <div>
      </div>
              </div>
              <div class="step pass-bg" title="stepDefinitions.LoginSteps.clickOnLogin()">
                <span>And I click on the login button</span>
      <div>
      </div>
              </div>
              <div class="step pass-bg" title="stepDefinitions.HomeSteps.verifyHomePageIsDisplayed()">
                <span>Given The home page should be displayed</span>
      <div>
      </div>
              </div>
              <div class="step pass-bg" title="stepDefinitions.HomeSteps.addProductToCart(java.lang.String)">
                <span>And I add the "Sauce Labs Backpack" to the cart</span>
      <div>
      </div>
              </div>
              <div class="step pass-bg" title="stepDefinitions.HomeSteps.clickOnCartIcon()">
                <span>And I click on the cart icon</span>
      <div>
      </div>
              </div>
              <div class="step pass-bg" title="stepDefinitions.YourCartSteps.clickOnCheckoutButton()">
                <span>And I click on the checkout button</span>
      <div>
      </div>
              </div>
              <div class="step pass-bg" title="stepDefinitions.CheckoutInformationSteps.clickOnCancelButton()">
                <span>When I click on cancel button</span>
      <div>
      </div>
              </div>
              <div class="step pass-bg" title="stepDefinitions.CommonSteps.verifyCartPage()">
                <span>Then I should be on the cart page</span>
      <div>
      </div>
              </div>
          </div>
        </div>
  </div>
  <div class="card">
    <div class="card-header" role="tab">
      <div class="card-title">
        <div class="node" id="87"><span class="badge log pass-bg mr-2">Pass</span>Cancellation from overview page</div>
      </div>
    </div>
        <div class="collapse">
          <div class="card-body">
              <div class="step pass-bg" title="stepDefinitions.LoginSteps.goToSaucedemoPage()">
                <span>Given I am in sauce demo web page</span>
      <div>
      </div>
              </div>
              <div class="step pass-bg" title="stepDefinitions.LoginSteps.setUserName(java.lang.String)">
                <span>When I set the user name text box with "standard_user"</span>
      <div>
      </div>
              </div>
              <div class="step pass-bg" title="stepDefinitions.LoginSteps.setPassword(java.lang.String)">
                <span>And I set the password text box with "secret_sauce"</span>
      <div>
      </div>
              </div>
              <div class="step pass-bg" title="stepDefinitions.LoginSteps.clickOnLogin()">
                <span>And I click on the login button</span>
      <div>
      </div>
              </div>
              <div class="step pass-bg" title="stepDefinitions.HomeSteps.verifyHomePageIsDisplayed()">
                <span>Given The home page should be displayed</span>
      <div>
      </div>
              </div>
              <div class="step pass-bg" title="stepDefinitions.HomeSteps.addProductToCart(java.lang.String)">
                <span>And I add the "Sauce Labs Backpack" to the cart</span>
      <div>
      </div>
              </div>
              <div class="step pass-bg" title="stepDefinitions.HomeSteps.clickOnCartIcon()">
                <span>And I click on the cart icon</span>
      <div>
      </div>
              </div>
              <div class="step pass-bg" title="stepDefinitions.YourCartSteps.clickOnCheckoutButton()">
                <span>And I click on the checkout button</span>
      <div>
      </div>
              </div>
              <div class="step pass-bg" title="stepDefinitions.CheckoutInformationSteps.fillCheckoutInformation(io.cucumber.datatable.DataTable)">
                <span>And I fill the checkout information with</span>
      <div><table class='markup-table table '><tr><td>Test</td><td>User</td><td>12345</td></tr></table>
      </div>
      <div>
      </div>
              </div>
              <div class="step pass-bg" title="stepDefinitions.CheckoutInformationSteps.clickOnContinue()">
                <span>And I click on the continue button</span>
      <div>
      </div>
              </div>
              <div class="step pass-bg" title="stepDefinitions.CheckoutOverviewSteps.clickOnCancelFromOverview()">
                <span>When I click on cancel button from overview</span>
      <div>
      </div>
              </div>
              <div class="step pass-bg" title="stepDefinitions.LoginSteps.verifyProductsPage()">
                <span>Then I should be on the products page</span>
      <div>
      </div>
              </div>
          </div>
        </div>
  </div>
</div>
          </div>
        </li>
        <li class="test-item"  status="pass" test-id="101"
          author=""
          tag=""
          device="">
          <div class="test-detail">
            <p class="name">Home page</p>
            <p class="text-sm">
              <span>14:51:52</span> / <span>00:00:10:687</span>
              <span class="badge pass-bg log float-right">Pass</span>
            </p>
          </div>
          <div class="test-contents d-none">
<div class="detail-head">
<div class="p-v-10">
<div class="info">
<h5 class="test-status text-pass">Home page</h5>
<span class='badge badge-success'>09.16.2025 14:51:52</span>
<span class='badge badge-danger'>09.16.2025 14:52:03</span>
<span class='badge badge-default'>00:00:10:687</span>
&middot; <span class='uri-anchor badge badge-default'>#test-id=101</span>
<span title='Skip to the next failed step' class='badge badge-danger pointer float-right ne ml-1'><i class="fa fa-fast-forward"></i></span>
<span title='Collapse all nodes' class='badge badge-default pointer float-right ct ml-1'><i class="fa fa-compress"></i></span>
<span title='Expand all nodes' class='badge badge-default pointer float-right et'><i class="fa fa-expand"></i></span>
</div>
<div class="m-t-10 m-l-5"></div>
</div>
</div>
<div class="accordion mt-4">
  <div class="card">
    <div class="card-header" role="tab">
      <div class="card-title">
        <div class="node" id="102"><span class="badge log pass-bg mr-2">Pass</span>Verify that all products are displayed in home page</div>
      </div>
    </div>
        <div class="scenario_outline collapse">
            <div class="card-body l1">
              <div class="card-header">
                <div class="card-title outline-child">
                  <div class="node" id="103"><span class="badge log pass-bg mr-2">Pass</span>Verify that all products are displayed in home page</div>
                </div>
              </div>
              <div class="card-body mt-3 collapse">
                  <div class="step pass-bg">
                    <span>Given I am in sauce demo web page</span>
      <div>
      </div>
                  </div>
                  <div class="step pass-bg">
                    <span>When I set the user name text box with "standard_user"</span>
      <div>
      </div>
                  </div>
                  <div class="step pass-bg">
                    <span>And I set the password text box with "secret_sauce"</span>
      <div>
      </div>
                  </div>
                  <div class="step pass-bg">
                    <span>And I click on the login button</span>
      <div>
      </div>
                  </div>
                  <div class="step pass-bg">
                    <span>When The home page should be displayed</span>
      <div>
      </div>
                  </div>
                  <div class="step pass-bg">
                    <span>Then The product "Sauce Labs Backpack" should be displayed</span>
      <div>
      </div>
                  </div>
              </div>
            </div>
            <div class="card-body l1">
              <div class="card-header">
                <div class="card-title outline-child">
                  <div class="node" id="111"><span class="badge log pass-bg mr-2">Pass</span>Verify that all products are displayed in home page</div>
                </div>
              </div>
              <div class="card-body mt-3 collapse">
                  <div class="step pass-bg">
                    <span>Given I am in sauce demo web page</span>
      <div>
      </div>
                  </div>
                  <div class="step pass-bg">
                    <span>When I set the user name text box with "standard_user"</span>
      <div>
      </div>
                  </div>
                  <div class="step pass-bg">
                    <span>And I set the password text box with "secret_sauce"</span>
      <div>
      </div>
                  </div>
                  <div class="step pass-bg">
                    <span>And I click on the login button</span>
      <div>
      </div>
                  </div>
                  <div class="step pass-bg">
                    <span>When The home page should be displayed</span>
      <div>
      </div>
                  </div>
                  <div class="step pass-bg">
                    <span>Then The product "Sauce Labs Bike Light" should be displayed</span>
      <div>
      </div>
                  </div>
              </div>
            </div>
            <div class="card-body l1">
              <div class="card-header">
                <div class="card-title outline-child">
                  <div class="node" id="119"><span class="badge log pass-bg mr-2">Pass</span>Verify that all products are displayed in home page</div>
                </div>
              </div>
              <div class="card-body mt-3 collapse">
                  <div class="step pass-bg">
                    <span>Given I am in sauce demo web page</span>
      <div>
      </div>
                  </div>
                  <div class="step pass-bg">
                    <span>When I set the user name text box with "standard_user"</span>
      <div>
      </div>
                  </div>
                  <div class="step pass-bg">
                    <span>And I set the password text box with "secret_sauce"</span>
      <div>
      </div>
                  </div>
                  <div class="step pass-bg">
                    <span>And I click on the login button</span>
      <div>
      </div>
                  </div>
                  <div class="step pass-bg">
                    <span>When The home page should be displayed</span>
      <div>
      </div>
                  </div>
                  <div class="step pass-bg">
                    <span>Then The product "Sauce Labs Bolt T-Shirt" should be displayed</span>
      <div>
      </div>
                  </div>
              </div>
            </div>
        </div>
  </div>
</div>
          </div>
        </li>
        <li class="test-item"  status="fail" test-id="127"
          author=""
          tag=""
          device="">
          <div class="test-detail">
            <p class="name">Login Sauce Demo App</p>
            <p class="text-sm">
              <span>14:52:03</span> / <span>00:00:23:445</span>
              <span class="badge fail-bg log float-right">Fail</span>
            </p>
          </div>
          <div class="test-contents d-none">
<div class="detail-head">
<div class="p-v-10">
<div class="info">
<h5 class="test-status text-fail">Login Sauce Demo App</h5>
<span class='badge badge-success'>09.16.2025 14:52:03</span>
<span class='badge badge-danger'>09.16.2025 14:52:27</span>
<span class='badge badge-default'>00:00:23:445</span>
&middot; <span class='uri-anchor badge badge-default'>#test-id=127</span>
<span title='Skip to the next failed step' class='badge badge-danger pointer float-right ne ml-1'><i class="fa fa-fast-forward"></i></span>
<span title='Collapse all nodes' class='badge badge-default pointer float-right ct ml-1'><i class="fa fa-compress"></i></span>
<span title='Expand all nodes' class='badge badge-default pointer float-right et'><i class="fa fa-expand"></i></span>
</div>
<div class="m-t-10 m-l-5"></div>
</div>
</div>
<div class="accordion mt-4">
  <div class="card">
    <div class="card-header" role="tab">
      <div class="card-title">
        <div class="node" id="128"><span class="badge log fail-bg mr-2">Fail</span>Login into Sauce Demo with valid credentials</div>
      </div>
    </div>
        <div class="">
          <div class="card-body">
              <div class="step pass-bg" title="stepDefinitions.LoginSteps.goToSaucedemoPage()">
                <span>Given I am in sauce demo web page</span>
      <div>
      </div>
              </div>
              <div class="step pass-bg" title="stepDefinitions.LoginSteps.setUserName(java.lang.String)">
                <span>Given I set the user name text box with "standard_user"</span>
      <div>
      </div>
              </div>
              <div class="step pass-bg" title="stepDefinitions.LoginSteps.setPassword(java.lang.String)">
                <span>And I set the password text box with "secret_saucedsfsdfsdfds"</span>
      <div>
      </div>
              </div>
              <div class="step pass-bg" title="stepDefinitions.LoginSteps.clickOnLogin()">
                <span>When I click on the login button</span>
      <div>
      </div>
              </div>
              <div class="step fail-bg" title="stepDefinitions.HomeSteps.verifyHomePageIsDisplayed()">
                <span>Then The home page should be displayed</span>
      <div>
        <textarea disabled class="code-block">org.openqa.selenium.NoSuchElementException: no such element: Unable to locate element: {"method":"css selector","selector":".app_logo"}
  (Session info: chrome=140.0.7339.128)
For documentation on this error, please visit: https://www.selenium.dev/documentation/webdriver/troubleshooting/errors#no-such-element-exception
Build info: version: '4.24.0', revision: '748ffc9bc3'
System info: os.name: 'Windows 11', os.arch: 'amd64', os.version: '10.0', java.version: '17.0.12'
Driver info: org.openqa.selenium.chrome.ChromeDriver
Command: [71eff0447bc52ca289ac7238f2e3e5d9, findElement {value=app_logo, using=class name}]
Capabilities {acceptInsecureCerts: false, browserName: chrome, browserVersion: 140.0.7339.128, chrome: {chromedriverVersion: 140.0.7339.82 (bc93617e21c3..., userDataDir: C:\Users\yeryg\AppData\Loca...}, fedcm:accounts: true, goog:chromeOptions: {debuggerAddress: localhost:62762}, networkConnectionEnabled: false, pageLoadStrategy: normal, platformName: windows, proxy: Proxy(), se:cdp: ws://localhost:62762/devtoo..., se:cdpVersion: 140.0.7339.128, setWindowRect: true, strictFileInteractability: false, timeouts: {implicit: 0, pageLoad: 300000, script: 30000}, unhandledPromptBehavior: dismiss and notify, webauthn:extension:credBlob: true, webauthn:extension:largeBlob: true, webauthn:extension:minPinLength: true, webauthn:extension:prf: true, webauthn:virtualAuthenticators: true}
Session ID: 71eff0447bc52ca289ac7238f2e3e5d9
	at java.base/jdk.internal.reflect.NativeConstructorAccessorImpl.newInstance0(Native Method)
	at java.base/jdk.internal.reflect.NativeConstructorAccessorImpl.newInstance(NativeConstructorAccessorImpl.java:77)
	at java.base/jdk.internal.reflect.DelegatingConstructorAccessorImpl.newInstance(DelegatingConstructorAccessorImpl.java:45)
	at java.base/java.lang.reflect.Constructor.newInstanceWithCaller(Constructor.java:499)
	at java.base/java.lang.reflect.Constructor.newInstance(Constructor.java:480)
	at org.openqa.selenium.remote.ErrorCodec.decode(ErrorCodec.java:167)
	at org.openqa.selenium.remote.codec.w3c.W3CHttpResponseCodec.decode(W3CHttpResponseCodec.java:138)
	at org.openqa.selenium.remote.codec.w3c.W3CHttpResponseCodec.decode(W3CHttpResponseCodec.java:50)
	at org.openqa.selenium.remote.HttpCommandExecutor.execute(HttpCommandExecutor.java:190)
	at org.openqa.selenium.remote.service.DriverCommandExecutor.invokeExecute(DriverCommandExecutor.java:216)
	at org.openqa.selenium.remote.service.DriverCommandExecutor.execute(DriverCommandExecutor.java:174)
	at org.openqa.selenium.remote.RemoteWebDriver.execute(RemoteWebDriver.java:545)
	at org.openqa.selenium.remote.ElementLocation$ElementFinder$2.findElement(ElementLocation.java:165)
	at org.openqa.selenium.remote.ElementLocation.findElement(ElementLocation.java:66)
	at org.openqa.selenium.remote.RemoteWebDriver.findElement(RemoteWebDriver.java:368)
	at org.openqa.selenium.remote.RemoteWebDriver.findElement(RemoteWebDriver.java:362)
	at org.openqa.selenium.support.pagefactory.DefaultElementLocator.findElement(DefaultElementLocator.java:68)
	at org.openqa.selenium.support.pagefactory.internal.LocatingElementHandler.invoke(LocatingElementHandler.java:38)
	at jdk.proxy2/jdk.proxy2.$Proxy21.isDisplayed(Unknown Source)
	at pages.HomePage.sauceDemoTitleIsDisplayed(HomePage.java:29)
	at stepDefinitions.HomeSteps.verifyHomePageIsDisplayed(HomeSteps.java:15)
	at ✽.The home page should be displayed(file:///C:/Users/yeryg/Desktop/SauceDemoAuto%203/src/test/resources/login.feature:10)
</textarea>
      
      </div>
              </div>
          </div>
        </div>
  </div>
  <div class="card">
    <div class="card-header" role="tab">
      <div class="card-title">
        <div class="node" id="135"><span class="badge log pass-bg mr-2">Pass</span>Login into Sauce Demo with invalid credentials</div>
      </div>
    </div>
        <div class="collapse">
          <div class="card-body">
              <div class="step pass-bg" title="stepDefinitions.LoginSteps.goToSaucedemoPage()">
                <span>Given I am in sauce demo web page</span>
      <div>
      </div>
              </div>
              <div class="step pass-bg" title="stepDefinitions.LoginSteps.setUserName(java.lang.String)">
                <span>Given I set the user name text box with "invalid_user"</span>
      <div>
      </div>
              </div>
              <div class="step pass-bg" title="stepDefinitions.LoginSteps.setPassword(java.lang.String)">
                <span>And I set the password text box with "invalid_password"</span>
      <div>
      </div>
              </div>
              <div class="step pass-bg" title="stepDefinitions.LoginSteps.clickOnLogin()">
                <span>When I click on the login button</span>
      <div>
      </div>
              </div>
              <div class="step pass-bg" title="stepDefinitions.LoginSteps.verifyErrorMessage(java.lang.String)">
                <span>Then A error message that says "Epic sadface: Username and password do not match any user in this service" should be displayed</span>
      <div>
      </div>
              </div>
          </div>
        </div>
  </div>
  <div class="card">
    <div class="card-header" role="tab">
      <div class="card-title">
        <div class="node" id="142"><span class="badge log pass-bg mr-2">Pass</span>Login into Sauce Demo with valid credentials</div>
      </div>
    </div>
        <div class="scenario_outline collapse">
            <div class="card-body l1">
              <div class="card-header">
                <div class="card-title outline-child">
                  <div class="node" id="143"><span class="badge log pass-bg mr-2">Pass</span>Login into Sauce Demo with valid credentials</div>
                </div>
              </div>
              <div class="card-body mt-3 collapse">
                  <div class="step pass-bg">
                    <span>Given I am in sauce demo web page</span>
      <div>
      </div>
                  </div>
                  <div class="step pass-bg">
                    <span>Given I set the user name text box with "standard_user"</span>
      <div>
      </div>
                  </div>
                  <div class="step pass-bg">
                    <span>And I set the password text box with "secret_sauce"</span>
      <div>
      </div>
                  </div>
                  <div class="step pass-bg">
                    <span>When I click on the login button</span>
      <div>
      </div>
                  </div>
                  <div class="step pass-bg">
                    <span>Then The home page should be displayed</span>
      <div>
      </div>
                  </div>
              </div>
            </div>
            <div class="card-body l1">
              <div class="card-header">
                <div class="card-title outline-child">
                  <div class="node" id="150"><span class="badge log pass-bg mr-2">Pass</span>Login into Sauce Demo with valid credentials</div>
                </div>
              </div>
              <div class="card-body mt-3 collapse">
                  <div class="step pass-bg">
                    <span>Given I am in sauce demo web page</span>
      <div>
      </div>
                  </div>
                  <div class="step pass-bg">
                    <span>Given I set the user name text box with "problem_user"</span>
      <div>
      </div>
                  </div>
                  <div class="step pass-bg">
                    <span>And I set the password text box with "secret_sauce"</span>
      <div>
      </div>
                  </div>
                  <div class="step pass-bg">
                    <span>When I click on the login button</span>
      <div>
      </div>
                  </div>
                  <div class="step pass-bg">
                    <span>Then The home page should be displayed</span>
      <div>
      </div>
                  </div>
              </div>
            </div>
        </div>
  </div>
  <div class="card">
    <div class="card-header" role="tab">
      <div class="card-title">
        <div class="node" id="157"><span class="badge log pass-bg mr-2">Pass</span>Login into Sauce Demo with invalid credentials</div>
      </div>
    </div>
        <div class="scenario_outline collapse">
            <div class="card-body l1">
              <div class="card-header">
                <div class="card-title outline-child">
                  <div class="node" id="158"><span class="badge log pass-bg mr-2">Pass</span>Login into Sauce Demo with invalid credentials</div>
                </div>
              </div>
              <div class="card-body mt-3 collapse">
                  <div class="step pass-bg">
                    <span>Given I am in sauce demo web page</span>
      <div>
      </div>
                  </div>
                  <div class="step pass-bg">
                    <span>Given I set the user name text box with "standard_user"</span>
      <div>
      </div>
                  </div>
                  <div class="step pass-bg">
                    <span>And I set the password text box with "wrong_password"</span>
      <div>
      </div>
                  </div>
                  <div class="step pass-bg">
                    <span>When I click on the login button</span>
      <div>
      </div>
                  </div>
                  <div class="step pass-bg">
                    <span>Then A error message that says "Epic sadface: Username and password do not match any user in this service" should be displayed</span>
      <div>
      </div>
                  </div>
              </div>
            </div>
            <div class="card-body l1">
              <div class="card-header">
                <div class="card-title outline-child">
                  <div class="node" id="165"><span class="badge log pass-bg mr-2">Pass</span>Login into Sauce Demo with invalid credentials</div>
                </div>
              </div>
              <div class="card-body mt-3 collapse">
                  <div class="step pass-bg">
                    <span>Given I am in sauce demo web page</span>
      <div>
      </div>
                  </div>
                  <div class="step pass-bg">
                    <span>Given I set the user name text box with "wrong_user"</span>
      <div>
      </div>
                  </div>
                  <div class="step pass-bg">
                    <span>And I set the password text box with "secret_sauce"</span>
      <div>
      </div>
                  </div>
                  <div class="step pass-bg">
                    <span>When I click on the login button</span>
      <div>
      </div>
                  </div>
                  <div class="step pass-bg">
                    <span>Then A error message that says "Epic sadface: Username and password do not match any user in this service" should be displayed</span>
      <div>
      </div>
                  </div>
              </div>
            </div>
            <div class="card-body l1">
              <div class="card-header">
                <div class="card-title outline-child">
                  <div class="node" id="172"><span class="badge log pass-bg mr-2">Pass</span>Login into Sauce Demo with invalid credentials</div>
                </div>
              </div>
              <div class="card-body mt-3 collapse">
                  <div class="step pass-bg">
                    <span>Given I am in sauce demo web page</span>
      <div>
      </div>
                  </div>
                  <div class="step pass-bg">
                    <span>Given I set the user name text box with "user_3"</span>
      <div>
      </div>
                  </div>
                  <div class="step pass-bg">
                    <span>And I set the password text box with "password3"</span>
      <div>
      </div>
                  </div>
                  <div class="step pass-bg">
                    <span>When I click on the login button</span>
      <div>
      </div>
                  </div>
                  <div class="step pass-bg">
                    <span>Then A error message that says "Epic sadface: Username and password do not match any user in this service" should be displayed</span>
      <div>
      </div>
                  </div>
              </div>
            </div>
        </div>
  </div>
</div>
          </div>
        </li>
      </ul>
    </div>
  </div>
<div class="test-content scrollable">
<div class="test-content-tools">
<ul><li><a class="back-to-test" href="#"><i class="fa fa-arrow-left"></i></a></li></ul>
</div>
<div class="test-content-detail"><div class="detail-body"></div></div>
</div></div>
<div class="test-wrapper row view exception-view attributes-view">
<div class="test-list">
<div class="test-list-tools">
<ul class="tools pull-left"><li><a href=""><span class="font-size-14">Exception</span></a></li></ul>
<ul class="tools text-right"><li><a href="#"><span class="badge badge-primary">1</span></a></li></ul>
</div>
<div class="test-list-wrapper scrollable">
<ul class="test-list-item">
<li class="test-item">
<div class="test-detail">
<span class="meta">
<span class='badge log badge-danger'>5</span>
</span>
<p class="name">org.openqa.selenium.NoSuchElementException</p>
<p class="duration text-sm">5 tests</p>
</div>
<div class="test-contents d-none">
<div class="info">
<h4>org.openqa.selenium.NoSuchElementException</h4>
<span status="fail" class='badge log badge-danger'>5 failed</span>
</div>
<table class='table table-sm mt-4'>
<thead>
<tr>
<th class="status-col">Status</th>
<th class="timestamp-col">Timestamp</th>
<th>TestName</th>
</tr>
</thead>
<tbody>
<tr class="tag-test-status" status="fail">
<td><span class="badge log fail-bg">Fail</span></td>
<td>14:51:29 p. m.</td>
<td>
<a href="#" class="linked" test-id='1' id='28'>Then I should see the error message "First Name is required"</a>
<div class="">
<span class="badge badge-default">Checkout feature.Validation of required fields in checkout.Then I should see the error message "First Name is required"</span>
</div>
</td>
</tr>
<tr class="tag-test-status" status="fail">
<td><span class="badge log fail-bg">Fail</span></td>
<td>14:51:32 p. m.</td>
<td>
<a href="#" class="linked" test-id='1' id='41'>Then I should see the error message "Last Name is required"</a>
<div class="">
<span class="badge badge-default">Checkout feature.Validation of required fields in checkout.Then I should see the error message "Last Name is required"</span>
</div>
</td>
</tr>
<tr class="tag-test-status" status="fail">
<td><span class="badge log fail-bg">Fail</span></td>
<td>14:51:36 p. m.</td>
<td>
<a href="#" class="linked" test-id='1' id='54'>Then I should see the error message "Postal Code is required"</a>
<div class="">
<span class="badge badge-default">Checkout feature.Validation of required fields in checkout.Then I should see the error message "Postal Code is required"</span>
</div>
</td>
</tr>
<tr class="tag-test-status" status="fail">
<td><span class="badge log fail-bg">Fail</span></td>
<td>14:51:44 p. m.</td>
<td>
<a href="#" class="linked" test-id='1' id='73'>Then A message that says "Thank you for your order!" should be displayed</a>
<div class="">
<span class="badge badge-default">Checkout feature.Checkout with multiple products and verification of totals.Then A message that says "Thank you for your order!" should be displayed</span>
</div>
</td>
</tr>
<tr class="tag-test-status" status="fail">
<td><span class="badge log fail-bg">Fail</span></td>
<td>14:52:06 p. m.</td>
<td>
<a href="#" class="linked" test-id='127' id='133'>Then The home page should be displayed</a>
<div class="">
<span class="badge badge-default">Login Sauce Demo App.Login into Sauce Demo with valid credentials.Then The home page should be displayed</span>
</div>
</td>
</tr>
</tbody>
</table>
</div>
</li>
</ul>
</div>
</div>
<div class="test-content scrollable">
<div class="test-content-detail">
<div class="detail-body"></div>
</div>
</div>
</div><div class="container-fluid p-4 view dashboard-view">
<div class="row">
<div class="col-md-3">
<div class="card"><div class="card-body">
<p class="m-b-0">Started</p>
<h3>sep. 16, 2025 02:51:19 p. m.</h3>
</div></div>
</div>
<div class="col-md-3">
<div class="card"><div class="card-body">
<p class="m-b-0">Ended</p>
<h3>sep. 16, 2025 02:52:27 p. m.</h3>
</div></div>
</div>
<div class="col-md-3">
<div class="card"><div class="card-body">
<p class="m-b-0 text-pass">Features Passed</p>
<h3>1</h3>
</div></div>
</div>
<div class="col-md-3">
<div class="card"><div class="card-body">
<p class="m-b-0 text-fail">Features Failed</p>
<h3>2</h3>
</div></div>
</div>
</div>
<div class="row">
<div class="col-md-4">
<div class="card">
<div class="card-header">
<h6 class="card-title">Features</h6>
</div>
<div class="card-body">
<div class="">
<canvas id='parent-analysis' width='115' height='90'></canvas>
</div>
</div>
<div class="card-footer">
<div><small data-tooltip='33%'>
<b>1</b> features passed
</small>
</div>
<div>
<small data-tooltip='66%'><b>2</b> features failed,
<b>0</b> skipped, <b data-tooltip='0%'>0</b> others
</small>
</div>
</div>
</div>
</div>
<div class="col-md-4">
<div class="card">
<div class="card-header">
<h6 class="card-title">Scenarios</h6>
</div>
<div class="card-body">
<div class="">
<canvas id='child-analysis' width='115' height='90'></canvas>
</div>
</div>
<div class="card-footer">
<div><small data-tooltip='70%'><b>12</b> scenarios passed</small></div>
<div>
<small data-tooltip='29%'><b>5</b> scenarios failed,
<b>0</b> skipped, <b data-tooltip='%'>0</b> others
</small>
</div>
</div>
</div>
</div>
<div class="col-md-4">
<div class="card">
<div class="card-header">
<h6 class="card-title">Steps</h6>
</div>
<div class="card-body">
<div class="">
<canvas id='grandchild-analysis' width='115' height='90'></canvas>
</div>
</div>
<div class="card-footer">
<div><small data-tooltip='96%'><b>132</b> steps passed</small></div>
<div>
<small data-tooltip='3%'><b>5</b> steps failed,
<b>0</b> skipped, <b data-tooltip='%'>0</b> others
</small>
</div>
</div>
</div>
</div>
</div>
<div class="row"><div class="col-md-12">
<div class="card"><div class="card-header"><p>Timeline</p></div>
<div class="card-body pt-0"><div>
<canvas id="timeline" height="120"></canvas>
</div></div>
</div>
</div></div>
<script>
var timeline = {
"Checkout feature":32.378,"Home page":10.687,"Login Sauce Demo App":23.445
};
</script>
<div class="row">
</div>
</div>
<script>
var statusGroup = {
parentCount: 5,
passParent: 1,
failParent: 2,
warningParent: 0,
skipParent: 0,
childCount: 5,
passChild: 12,
failChild: 5,
warningChild: 0,
skipChild: 0,
infoChild: 0,
grandChildCount: 5,
passGrandChild: 132,
failGrandChild: 5,
warningGrandChild: 0,
skipGrandChild: 0,
infoGrandChild: 0,
eventsCount: 5,
};
</script>        </div>
      </div>
    </div>
  </div>
<script src="https://cdn.jsdelivr.net/gh/extent-framework/extent-github-cdn@c05cd28cde1617b9d0c05a831daff6cb97fd9fd5/spark/js/spark-script.js"></script>
<script type="text/javascript"></script></body>
</html>